{"/Users/jc/Documents/GreenWeb/NodeTraining/GreenWebUtility/src/APRCService.js": {"path":"/Users/jc/Documents/GreenWeb/NodeTraining/GreenWebUtility/src/APRCService.js","statementMap":{"0":{"start":{"line":1,"column":20},"end":{"line":1,"column":49}},"1":{"start":{"line":2,"column":20},"end":{"line":2,"column":49}},"2":{"start":{"line":3,"column":21},"end":{"line":3,"column":51}},"3":{"start":{"line":4,"column":19},"end":{"line":4,"column":47}},"4":{"start":{"line":5,"column":12},"end":{"line":5,"column":33}},"5":{"start":{"line":6,"column":18},"end":{"line":6,"column":41}},"6":{"start":{"line":9,"column":32},"end":{"line":9,"column":68}},"7":{"start":{"line":10,"column":8},"end":{"line":21,"column":9}},"8":{"start":{"line":11,"column":12},"end":{"line":20,"column":31}},"9":{"start":{"line":30,"column":12},"end":{"line":30,"column":23}},"10":{"start":{"line":31,"column":28},"end":{"line":42,"column":9}},"11":{"start":{"line":43,"column":31},"end":{"line":43,"column":69}},"12":{"start":{"line":44,"column":8},"end":{"line":44,"column":52}},"13":{"start":{"line":45,"column":29},"end":{"line":45,"column":64}},"14":{"start":{"line":46,"column":28},"end":{"line":46,"column":62}},"15":{"start":{"line":47,"column":8},"end":{"line":49,"column":9}},"16":{"start":{"line":48,"column":12},"end":{"line":48,"column":49}},"17":{"start":{"line":50,"column":28},"end":{"line":50,"column":52}},"18":{"start":{"line":51,"column":26},"end":{"line":51,"column":125}},"19":{"start":{"line":52,"column":29},"end":{"line":61,"column":9}},"20":{"start":{"line":62,"column":8},"end":{"line":62,"column":45}},"21":{"start":{"line":65,"column":32},"end":{"line":65,"column":43}},"22":{"start":{"line":66,"column":8},"end":{"line":68,"column":11}},"23":{"start":{"line":71,"column":30},"end":{"line":71,"column":32}},"24":{"start":{"line":72,"column":22},"end":{"line":72,"column":26}},"25":{"start":{"line":74,"column":8},"end":{"line":77,"column":9}},"26":{"start":{"line":75,"column":12},"end":{"line":75,"column":45}},"27":{"start":{"line":76,"column":12},"end":{"line":76,"column":28}},"28":{"start":{"line":79,"column":8},"end":{"line":82,"column":9}},"29":{"start":{"line":80,"column":12},"end":{"line":80,"column":54}},"30":{"start":{"line":81,"column":12},"end":{"line":81,"column":28}},"31":{"start":{"line":84,"column":8},"end":{"line":87,"column":9}},"32":{"start":{"line":85,"column":12},"end":{"line":85,"column":55}},"33":{"start":{"line":86,"column":12},"end":{"line":86,"column":28}},"34":{"start":{"line":90,"column":8},"end":{"line":100,"column":9}},"35":{"start":{"line":91,"column":12},"end":{"line":99,"column":15}},"36":{"start":{"line":92,"column":16},"end":{"line":98,"column":17}},"37":{"start":{"line":93,"column":20},"end":{"line":93,"column":84}},"38":{"start":{"line":94,"column":20},"end":{"line":94,"column":36}},"39":{"start":{"line":95,"column":23},"end":{"line":98,"column":17}},"40":{"start":{"line":96,"column":20},"end":{"line":96,"column":115}},"41":{"start":{"line":97,"column":20},"end":{"line":97,"column":36}},"42":{"start":{"line":102,"column":8},"end":{"line":108,"column":9}},"43":{"start":{"line":103,"column":12},"end":{"line":107,"column":14}},"44":{"start":{"line":110,"column":8},"end":{"line":110,"column":20}},"45":{"start":{"line":114,"column":6},"end":{"line":116,"column":5}},"46":{"start":{"line":115,"column":8},"end":{"line":115,"column":18}},"47":{"start":{"line":117,"column":4},"end":{"line":122,"column":3}},"48":{"start":{"line":118,"column":6},"end":{"line":121,"column":8}},"49":{"start":{"line":123,"column":24},"end":{"line":123,"column":25}},"50":{"start":{"line":124,"column":27},"end":{"line":124,"column":29}},"51":{"start":{"line":125,"column":8},"end":{"line":130,"column":11}},"52":{"start":{"line":126,"column":12},"end":{"line":129,"column":13}},"53":{"start":{"line":127,"column":16},"end":{"line":127,"column":40}},"54":{"start":{"line":128,"column":16},"end":{"line":128,"column":39}},"55":{"start":{"line":131,"column":8},"end":{"line":134,"column":10}},"56":{"start":{"line":137,"column":2},"end":{"line":139,"column":3}},"57":{"start":{"line":138,"column":6},"end":{"line":138,"column":102}},"58":{"start":{"line":140,"column":2},"end":{"line":142,"column":3}},"59":{"start":{"line":141,"column":6},"end":{"line":141,"column":98}},"60":{"start":{"line":143,"column":2},"end":{"line":145,"column":3}},"61":{"start":{"line":144,"column":6},"end":{"line":144,"column":114}},"62":{"start":{"line":146,"column":2},"end":{"line":148,"column":3}},"63":{"start":{"line":147,"column":6},"end":{"line":147,"column":118}},"64":{"start":{"line":149,"column":2},"end":{"line":151,"column":3}},"65":{"start":{"line":150,"column":6},"end":{"line":150,"column":103}},"66":{"start":{"line":153,"column":2},"end":{"line":165,"column":3}},"67":{"start":{"line":155,"column":10},"end":{"line":155,"column":31}},"68":{"start":{"line":156,"column":10},"end":{"line":156,"column":16}},"69":{"start":{"line":158,"column":10},"end":{"line":158,"column":30}},"70":{"start":{"line":159,"column":10},"end":{"line":159,"column":16}},"71":{"start":{"line":161,"column":10},"end":{"line":161,"column":30}},"72":{"start":{"line":162,"column":10},"end":{"line":162,"column":16}},"73":{"start":{"line":164,"column":10},"end":{"line":164,"column":132}},"74":{"start":{"line":166,"column":27},"end":{"line":166,"column":58}},"75":{"start":{"line":167,"column":23},"end":{"line":167,"column":58}},"76":{"start":{"line":168,"column":2},"end":{"line":171,"column":3}},"77":{"start":{"line":169,"column":27},"end":{"line":169,"column":87}},"78":{"start":{"line":170,"column":6},"end":{"line":170,"column":26}},"79":{"start":{"line":172,"column":26},"end":{"line":172,"column":153}},"80":{"start":{"line":173,"column":25},"end":{"line":173,"column":59}},"81":{"start":{"line":174,"column":28},"end":{"line":174,"column":67}},"82":{"start":{"line":175,"column":15},"end":{"line":175,"column":53}},"83":{"start":{"line":176,"column":2},"end":{"line":176,"column":14}},"84":{"start":{"line":179,"column":0},"end":{"line":179,"column":29}}},"fnMap":{"0":{"name":"(anonymous_0)","decl":{"start":{"line":8,"column":4},"end":{"line":8,"column":5}},"loc":{"start":{"line":8,"column":31},"end":{"line":63,"column":5}},"line":8},"1":{"name":"(anonymous_1)","decl":{"start":{"line":64,"column":4},"end":{"line":64,"column":5}},"loc":{"start":{"line":64,"column":36},"end":{"line":69,"column":5}},"line":64},"2":{"name":"(anonymous_2)","decl":{"start":{"line":66,"column":28},"end":{"line":66,"column":29}},"loc":{"start":{"line":66,"column":38},"end":{"line":68,"column":9}},"line":66},"3":{"name":"(anonymous_3)","decl":{"start":{"line":70,"column":4},"end":{"line":70,"column":5}},"loc":{"start":{"line":70,"column":36},"end":{"line":111,"column":5}},"line":70},"4":{"name":"(anonymous_4)","decl":{"start":{"line":91,"column":44},"end":{"line":91,"column":45}},"loc":{"start":{"line":91,"column":56},"end":{"line":99,"column":13}},"line":91},"5":{"name":"(anonymous_5)","decl":{"start":{"line":113,"column":4},"end":{"line":113,"column":5}},"loc":{"start":{"line":113,"column":24},"end":{"line":135,"column":5}},"line":113},"6":{"name":"(anonymous_6)","decl":{"start":{"line":125,"column":21},"end":{"line":125,"column":22}},"loc":{"start":{"line":125,"column":28},"end":{"line":130,"column":9}},"line":125},"7":{"name":"(anonymous_7)","decl":{"start":{"line":136,"column":0},"end":{"line":136,"column":1}},"loc":{"start":{"line":136,"column":114},"end":{"line":177,"column":1}},"line":136}},"branchMap":{"0":{"loc":{"start":{"line":10,"column":8},"end":{"line":21,"column":9}},"type":"if","locations":[{"start":{"line":10,"column":8},"end":{"line":21,"column":9}},{"start":{},"end":{}}],"line":10},"1":{"loc":{"start":{"line":47,"column":8},"end":{"line":49,"column":9}},"type":"if","locations":[{"start":{"line":47,"column":8},"end":{"line":49,"column":9}},{"start":{},"end":{}}],"line":47},"2":{"loc":{"start":{"line":47,"column":12},"end":{"line":47,"column":49}},"type":"binary-expr","locations":[{"start":{"line":47,"column":12},"end":{"line":47,"column":23}},{"start":{"line":47,"column":27},"end":{"line":47,"column":49}}],"line":47},"3":{"loc":{"start":{"line":74,"column":8},"end":{"line":77,"column":9}},"type":"if","locations":[{"start":{"line":74,"column":8},"end":{"line":77,"column":9}},{"start":{},"end":{}}],"line":74},"4":{"loc":{"start":{"line":79,"column":8},"end":{"line":82,"column":9}},"type":"if","locations":[{"start":{"line":79,"column":8},"end":{"line":82,"column":9}},{"start":{},"end":{}}],"line":79},"5":{"loc":{"start":{"line":84,"column":8},"end":{"line":87,"column":9}},"type":"if","locations":[{"start":{"line":84,"column":8},"end":{"line":87,"column":9}},{"start":{},"end":{}}],"line":84},"6":{"loc":{"start":{"line":90,"column":8},"end":{"line":100,"column":9}},"type":"if","locations":[{"start":{"line":90,"column":8},"end":{"line":100,"column":9}},{"start":{},"end":{}}],"line":90},"7":{"loc":{"start":{"line":90,"column":12},"end":{"line":90,"column":77}},"type":"binary-expr","locations":[{"start":{"line":90,"column":12},"end":{"line":90,"column":35}},{"start":{"line":90,"column":39},"end":{"line":90,"column":77}}],"line":90},"8":{"loc":{"start":{"line":92,"column":16},"end":{"line":98,"column":17}},"type":"if","locations":[{"start":{"line":92,"column":16},"end":{"line":98,"column":17}},{"start":{"line":95,"column":23},"end":{"line":98,"column":17}}],"line":92},"9":{"loc":{"start":{"line":92,"column":20},"end":{"line":92,"column":78}},"type":"binary-expr","locations":[{"start":{"line":92,"column":20},"end":{"line":92,"column":38}},{"start":{"line":92,"column":42},"end":{"line":92,"column":78}}],"line":92},"10":{"loc":{"start":{"line":95,"column":23},"end":{"line":98,"column":17}},"type":"if","locations":[{"start":{"line":95,"column":23},"end":{"line":98,"column":17}},{"start":{},"end":{}}],"line":95},"11":{"loc":{"start":{"line":102,"column":8},"end":{"line":108,"column":9}},"type":"if","locations":[{"start":{"line":102,"column":8},"end":{"line":108,"column":9}},{"start":{},"end":{}}],"line":102},"12":{"loc":{"start":{"line":114,"column":6},"end":{"line":116,"column":5}},"type":"if","locations":[{"start":{"line":114,"column":6},"end":{"line":116,"column":5}},{"start":{},"end":{}}],"line":114},"13":{"loc":{"start":{"line":117,"column":4},"end":{"line":122,"column":3}},"type":"if","locations":[{"start":{"line":117,"column":4},"end":{"line":122,"column":3}},{"start":{},"end":{}}],"line":117},"14":{"loc":{"start":{"line":126,"column":12},"end":{"line":129,"column":13}},"type":"if","locations":[{"start":{"line":126,"column":12},"end":{"line":129,"column":13}},{"start":{},"end":{}}],"line":126},"15":{"loc":{"start":{"line":136,"column":84},"end":{"line":136,"column":112}},"type":"default-arg","locations":[{"start":{"line":136,"column":103},"end":{"line":136,"column":112}}],"line":136},"16":{"loc":{"start":{"line":137,"column":2},"end":{"line":139,"column":3}},"type":"if","locations":[{"start":{"line":137,"column":2},"end":{"line":139,"column":3}},{"start":{},"end":{}}],"line":137},"17":{"loc":{"start":{"line":137,"column":6},"end":{"line":137,"column":78}},"type":"binary-expr","locations":[{"start":{"line":137,"column":6},"end":{"line":137,"column":37}},{"start":{"line":137,"column":41},"end":{"line":137,"column":59}},{"start":{"line":137,"column":63},"end":{"line":137,"column":78}}],"line":137},"18":{"loc":{"start":{"line":140,"column":2},"end":{"line":142,"column":3}},"type":"if","locations":[{"start":{"line":140,"column":2},"end":{"line":142,"column":3}},{"start":{},"end":{}}],"line":140},"19":{"loc":{"start":{"line":140,"column":6},"end":{"line":140,"column":72}},"type":"binary-expr","locations":[{"start":{"line":140,"column":6},"end":{"line":140,"column":35}},{"start":{"line":140,"column":39},"end":{"line":140,"column":55}},{"start":{"line":140,"column":59},"end":{"line":140,"column":72}}],"line":140},"20":{"loc":{"start":{"line":143,"column":2},"end":{"line":145,"column":3}},"type":"if","locations":[{"start":{"line":143,"column":2},"end":{"line":145,"column":3}},{"start":{},"end":{}}],"line":143},"21":{"loc":{"start":{"line":143,"column":6},"end":{"line":143,"column":76}},"type":"binary-expr","locations":[{"start":{"line":143,"column":6},"end":{"line":143,"column":36}},{"start":{"line":143,"column":40},"end":{"line":143,"column":57}},{"start":{"line":143,"column":61},"end":{"line":143,"column":76}}],"line":143},"22":{"loc":{"start":{"line":146,"column":2},"end":{"line":148,"column":3}},"type":"if","locations":[{"start":{"line":146,"column":2},"end":{"line":148,"column":3}},{"start":{},"end":{}}],"line":146},"23":{"loc":{"start":{"line":146,"column":6},"end":{"line":146,"column":90}},"type":"binary-expr","locations":[{"start":{"line":146,"column":6},"end":{"line":146,"column":38}},{"start":{"line":146,"column":42},"end":{"line":146,"column":61}},{"start":{"line":146,"column":65},"end":{"line":146,"column":90}}],"line":146},"24":{"loc":{"start":{"line":149,"column":2},"end":{"line":151,"column":3}},"type":"if","locations":[{"start":{"line":149,"column":2},"end":{"line":151,"column":3}},{"start":{},"end":{}}],"line":149},"25":{"loc":{"start":{"line":149,"column":6},"end":{"line":149,"column":85}},"type":"binary-expr","locations":[{"start":{"line":149,"column":6},"end":{"line":149,"column":39}},{"start":{"line":149,"column":43},"end":{"line":149,"column":63}},{"start":{"line":149,"column":67},"end":{"line":149,"column":85}}],"line":149},"26":{"loc":{"start":{"line":153,"column":2},"end":{"line":165,"column":3}},"type":"switch","locations":[{"start":{"line":154,"column":6},"end":{"line":156,"column":16}},{"start":{"line":157,"column":6},"end":{"line":159,"column":16}},{"start":{"line":160,"column":6},"end":{"line":162,"column":16}},{"start":{"line":163,"column":6},"end":{"line":164,"column":132}}],"line":153},"27":{"loc":{"start":{"line":168,"column":2},"end":{"line":171,"column":3}},"type":"if","locations":[{"start":{"line":168,"column":2},"end":{"line":171,"column":3}},{"start":{},"end":{}}],"line":168}},"s":{"0":1,"1":1,"2":1,"3":1,"4":1,"5":1,"6":8,"7":8,"8":4,"9":4,"10":4,"11":4,"12":4,"13":4,"14":4,"15":4,"16":1,"17":4,"18":4,"19":4,"20":4,"21":1,"22":1,"23":8,"24":8,"25":8,"26":1,"27":1,"28":8,"29":1,"30":1,"31":8,"32":0,"33":0,"34":8,"35":3,"36":3,"37":1,"38":1,"39":2,"40":1,"41":1,"42":8,"43":4,"44":4,"45":4,"46":0,"47":4,"48":2,"49":2,"50":2,"51":2,"52":4,"53":4,"54":4,"55":2,"56":7,"57":1,"58":6,"59":1,"60":5,"61":1,"62":4,"63":0,"64":4,"65":0,"66":4,"67":0,"68":0,"69":0,"70":0,"71":4,"72":4,"73":0,"74":4,"75":4,"76":4,"77":0,"78":0,"79":4,"80":4,"81":4,"82":4,"83":4,"84":1},"f":{"0":8,"1":1,"2":1,"3":8,"4":3,"5":4,"6":4,"7":7},"b":{"0":[4,4],"1":[1,3],"2":[4,1],"3":[1,7],"4":[1,7],"5":[0,8],"6":[3,5],"7":[8,3],"8":[1,2],"9":[3,2],"10":[1,1],"11":[4,4],"12":[0,4],"13":[2,2],"14":[4,0],"15":[0],"16":[1,6],"17":[7,7,7],"18":[1,5],"19":[6,6,6],"20":[1,4],"21":[5,5,5],"22":[0,4],"23":[4,4,4],"24":[0,4],"25":[4,4,4],"26":[0,0,4,0],"27":[0,4]},"_coverageSchema":"1a1c01bbd47fc00a2c39e90264f33305004495a9","hash":"0c3d064cabe6ba8c3c29876313a9854513f9cd51"}
,"/Users/jc/Documents/GreenWeb/NodeTraining/GreenWebUtility/src/aprc/APRCResponse.js": {"path":"/Users/jc/Documents/GreenWeb/NodeTraining/GreenWebUtility/src/aprc/APRCResponse.js","statementMap":{"0":{"start":{"line":3,"column":8},"end":{"line":3,"column":29}},"1":{"start":{"line":4,"column":8},"end":{"line":4,"column":35}},"2":{"start":{"line":5,"column":8},"end":{"line":5,"column":45}},"3":{"start":{"line":6,"column":8},"end":{"line":6,"column":45}},"4":{"start":{"line":7,"column":8},"end":{"line":7,"column":43}},"5":{"start":{"line":8,"column":8},"end":{"line":8,"column":45}},"6":{"start":{"line":9,"column":8},"end":{"line":9,"column":31}},"7":{"start":{"line":10,"column":8},"end":{"line":10,"column":41}},"8":{"start":{"line":13,"column":8},"end":{"line":28,"column":9}},"9":{"start":{"line":14,"column":12},"end":{"line":22,"column":14}},"10":{"start":{"line":24,"column":12},"end":{"line":27,"column":14}},"11":{"start":{"line":31,"column":8},"end":{"line":33,"column":9}},"12":{"start":{"line":32,"column":12},"end":{"line":32,"column":22}},"13":{"start":{"line":34,"column":8},"end":{"line":38,"column":12}},"14":{"start":{"line":34,"column":43},"end":{"line":38,"column":9}},"15":{"start":{"line":41,"column":8},"end":{"line":43,"column":9}},"16":{"start":{"line":42,"column":12},"end":{"line":42,"column":22}},"17":{"start":{"line":44,"column":8},"end":{"line":49,"column":12}},"18":{"start":{"line":44,"column":47},"end":{"line":49,"column":9}},"19":{"start":{"line":52,"column":8},"end":{"line":52,"column":31}},"20":{"start":{"line":53,"column":8},"end":{"line":53,"column":55}},"21":{"start":{"line":53,"column":22},"end":{"line":53,"column":55}},"22":{"start":{"line":56,"column":0},"end":{"line":56,"column":30}}},"fnMap":{"0":{"name":"(anonymous_0)","decl":{"start":{"line":2,"column":4},"end":{"line":2,"column":5}},"loc":{"start":{"line":2,"column":115},"end":{"line":11,"column":5}},"line":2},"1":{"name":"(anonymous_1)","decl":{"start":{"line":12,"column":4},"end":{"line":12,"column":5}},"loc":{"start":{"line":12,"column":21},"end":{"line":29,"column":5}},"line":12},"2":{"name":"(anonymous_2)","decl":{"start":{"line":30,"column":5},"end":{"line":30,"column":6}},"loc":{"start":{"line":30,"column":24},"end":{"line":39,"column":5}},"line":30},"3":{"name":"(anonymous_3)","decl":{"start":{"line":34,"column":35},"end":{"line":34,"column":36}},"loc":{"start":{"line":34,"column":43},"end":{"line":38,"column":9}},"line":34},"4":{"name":"(anonymous_4)","decl":{"start":{"line":40,"column":4},"end":{"line":40,"column":5}},"loc":{"start":{"line":40,"column":24},"end":{"line":50,"column":5}},"line":40},"5":{"name":"(anonymous_5)","decl":{"start":{"line":44,"column":36},"end":{"line":44,"column":37}},"loc":{"start":{"line":44,"column":47},"end":{"line":49,"column":9}},"line":44},"6":{"name":"(anonymous_6)","decl":{"start":{"line":51,"column":4},"end":{"line":51,"column":5}},"loc":{"start":{"line":51,"column":47},"end":{"line":54,"column":5}},"line":51}},"branchMap":{"0":{"loc":{"start":{"line":7,"column":26},"end":{"line":7,"column":42}},"type":"binary-expr","locations":[{"start":{"line":7,"column":26},"end":{"line":7,"column":36}},{"start":{"line":7,"column":40},"end":{"line":7,"column":42}}],"line":7},"1":{"loc":{"start":{"line":8,"column":27},"end":{"line":8,"column":44}},"type":"binary-expr","locations":[{"start":{"line":8,"column":27},"end":{"line":8,"column":38}},{"start":{"line":8,"column":42},"end":{"line":8,"column":44}}],"line":8},"2":{"loc":{"start":{"line":13,"column":8},"end":{"line":28,"column":9}},"type":"if","locations":[{"start":{"line":13,"column":8},"end":{"line":28,"column":9}},{"start":{"line":23,"column":15},"end":{"line":28,"column":9}}],"line":13},"3":{"loc":{"start":{"line":31,"column":8},"end":{"line":33,"column":9}},"type":"if","locations":[{"start":{"line":31,"column":8},"end":{"line":33,"column":9}},{"start":{},"end":{}}],"line":31},"4":{"loc":{"start":{"line":41,"column":8},"end":{"line":43,"column":9}},"type":"if","locations":[{"start":{"line":41,"column":8},"end":{"line":43,"column":9}},{"start":{},"end":{}}],"line":41},"5":{"loc":{"start":{"line":51,"column":26},"end":{"line":51,"column":45}},"type":"default-arg","locations":[{"start":{"line":51,"column":41},"end":{"line":51,"column":45}}],"line":51},"6":{"loc":{"start":{"line":53,"column":8},"end":{"line":53,"column":55}},"type":"if","locations":[{"start":{"line":53,"column":8},"end":{"line":53,"column":55}},{"start":{},"end":{}}],"line":53}},"s":{"0":17,"1":17,"2":17,"3":17,"4":17,"5":17,"6":17,"7":17,"8":11,"9":5,"10":6,"11":6,"12":4,"13":2,"14":3,"15":7,"16":0,"17":7,"18":4,"19":1,"20":1,"21":1,"22":2},"f":{"0":17,"1":11,"2":6,"3":3,"4":7,"5":4,"6":1},"b":{"0":[17,5],"1":[17,9],"2":[5,6],"3":[4,2],"4":[0,7],"5":[0],"6":[1,0]},"_coverageSchema":"1a1c01bbd47fc00a2c39e90264f33305004495a9","hash":"9dcfbc73f022d736ee36e34916be3172dc0951b4"}
,"/Users/jc/Documents/GreenWeb/NodeTraining/GreenWebUtility/src/aprc/Error.js": {"path":"/Users/jc/Documents/GreenWeb/NodeTraining/GreenWebUtility/src/aprc/Error.js","statementMap":{"0":{"start":{"line":3,"column":8},"end":{"line":3,"column":35}},"1":{"start":{"line":4,"column":8},"end":{"line":4,"column":41}},"2":{"start":{"line":5,"column":8},"end":{"line":5,"column":43}},"3":{"start":{"line":8,"column":8},"end":{"line":8,"column":55}},"4":{"start":{"line":9,"column":8},"end":{"line":9,"column":61}},"5":{"start":{"line":10,"column":8},"end":{"line":12,"column":9}},"6":{"start":{"line":11,"column":12},"end":{"line":11,"column":78}},"7":{"start":{"line":15,"column":0},"end":{"line":15,"column":23}}},"fnMap":{"0":{"name":"(anonymous_0)","decl":{"start":{"line":2,"column":4},"end":{"line":2,"column":5}},"loc":{"start":{"line":2,"column":56},"end":{"line":6,"column":5}},"line":2},"1":{"name":"(anonymous_1)","decl":{"start":{"line":7,"column":4},"end":{"line":7,"column":5}},"loc":{"start":{"line":7,"column":15},"end":{"line":13,"column":5}},"line":7}},"branchMap":{"0":{"loc":{"start":{"line":10,"column":8},"end":{"line":12,"column":9}},"type":"if","locations":[{"start":{"line":10,"column":8},"end":{"line":12,"column":9}},{"start":{},"end":{}}],"line":10}},"s":{"0":10,"1":10,"2":10,"3":2,"4":2,"5":2,"6":1,"7":2},"f":{"0":10,"1":2},"b":{"0":[1,1]},"_coverageSchema":"1a1c01bbd47fc00a2c39e90264f33305004495a9","hash":"bcfb3c9fb53901d793858f36d9947a4fbbcbffa4"}
,"/Users/jc/Documents/GreenWeb/NodeTraining/GreenWebUtility/src/aprc/Fee.js": {"path":"/Users/jc/Documents/GreenWeb/NodeTraining/GreenWebUtility/src/aprc/Fee.js","statementMap":{"0":{"start":{"line":3,"column":8},"end":{"line":3,"column":25}},"1":{"start":{"line":4,"column":8},"end":{"line":4,"column":29}},"2":{"start":{"line":5,"column":8},"end":{"line":5,"column":35}},"3":{"start":{"line":6,"column":8},"end":{"line":6,"column":45}},"4":{"start":{"line":9,"column":7},"end":{"line":9,"column":133}},"5":{"start":{"line":12,"column":0},"end":{"line":12,"column":21}}},"fnMap":{"0":{"name":"(anonymous_0)","decl":{"start":{"line":2,"column":4},"end":{"line":2,"column":5}},"loc":{"start":{"line":2,"column":57},"end":{"line":7,"column":5}},"line":2},"1":{"name":"(anonymous_1)","decl":{"start":{"line":8,"column":4},"end":{"line":8,"column":5}},"loc":{"start":{"line":8,"column":23},"end":{"line":10,"column":5}},"line":8}},"branchMap":{"0":{"loc":{"start":{"line":9,"column":14},"end":{"line":9,"column":132}},"type":"binary-expr","locations":[{"start":{"line":9,"column":14},"end":{"line":9,"column":33}},{"start":{"line":9,"column":38},"end":{"line":9,"column":67}},{"start":{"line":9,"column":71},"end":{"line":9,"column":99}},{"start":{"line":9,"column":102},"end":{"line":9,"column":131}}],"line":9}},"s":{"0":15,"1":15,"2":15,"3":15,"4":12,"5":2},"f":{"0":15,"1":12},"b":{"0":[12,9,4,3]},"_coverageSchema":"1a1c01bbd47fc00a2c39e90264f33305004495a9","hash":"85accac9082361e598e41695ff4b0c7b11cbfc91"}
,"/Users/jc/Documents/GreenWeb/NodeTraining/GreenWebUtility/src/aprc/LoanDetails.js": {"path":"/Users/jc/Documents/GreenWeb/NodeTraining/GreenWebUtility/src/aprc/LoanDetails.js","statementMap":{"0":{"start":{"line":3,"column":8},"end":{"line":3,"column":37}},"1":{"start":{"line":4,"column":8},"end":{"line":4,"column":39}},"2":{"start":{"line":5,"column":8},"end":{"line":5,"column":55}},"3":{"start":{"line":6,"column":8},"end":{"line":6,"column":65}},"4":{"start":{"line":7,"column":8},"end":{"line":7,"column":57}},"5":{"start":{"line":8,"column":8},"end":{"line":8,"column":45}},"6":{"start":{"line":9,"column":8},"end":{"line":9,"column":45}},"7":{"start":{"line":10,"column":8},"end":{"line":10,"column":41}},"8":{"start":{"line":11,"column":8},"end":{"line":11,"column":35}},"9":{"start":{"line":12,"column":8},"end":{"line":12,"column":51}},"10":{"start":{"line":15,"column":26},"end":{"line":15,"column":41}},"11":{"start":{"line":16,"column":28},"end":{"line":16,"column":63}},"12":{"start":{"line":17,"column":33},"end":{"line":17,"column":52}},"13":{"start":{"line":18,"column":31},"end":{"line":18,"column":154}},"14":{"start":{"line":19,"column":8},"end":{"line":19,"column":45}},"15":{"start":{"line":20,"column":8},"end":{"line":20,"column":30}},"16":{"start":{"line":23,"column":8},"end":{"line":25,"column":9}},"17":{"start":{"line":24,"column":12},"end":{"line":24,"column":73}},"18":{"start":{"line":26,"column":29},"end":{"line":26,"column":70}},"19":{"start":{"line":27,"column":8},"end":{"line":27,"column":41}},"20":{"start":{"line":28,"column":8},"end":{"line":28,"column":28}},"21":{"start":{"line":31,"column":34},"end":{"line":31,"column":68}},"22":{"start":{"line":32,"column":36},"end":{"line":32,"column":75}},"23":{"start":{"line":33,"column":28},"end":{"line":33,"column":58}},"24":{"start":{"line":34,"column":29},"end":{"line":34,"column":60}},"25":{"start":{"line":35,"column":36},"end":{"line":35,"column":132}},"26":{"start":{"line":36,"column":8},"end":{"line":36,"column":41}},"27":{"start":{"line":39,"column":0},"end":{"line":39,"column":29}}},"fnMap":{"0":{"name":"(anonymous_0)","decl":{"start":{"line":2,"column":4},"end":{"line":2,"column":5}},"loc":{"start":{"line":2,"column":186},"end":{"line":13,"column":5}},"line":2},"1":{"name":"(anonymous_1)","decl":{"start":{"line":14,"column":4},"end":{"line":14,"column":5}},"loc":{"start":{"line":14,"column":31},"end":{"line":21,"column":9}},"line":14},"2":{"name":"(anonymous_2)","decl":{"start":{"line":22,"column":4},"end":{"line":22,"column":5}},"loc":{"start":{"line":22,"column":28},"end":{"line":29,"column":9}},"line":22},"3":{"name":"(anonymous_3)","decl":{"start":{"line":30,"column":4},"end":{"line":30,"column":5}},"loc":{"start":{"line":30,"column":27},"end":{"line":37,"column":5}},"line":30}},"branchMap":{"0":{"loc":{"start":{"line":23,"column":8},"end":{"line":25,"column":9}},"type":"if","locations":[{"start":{"line":23,"column":8},"end":{"line":25,"column":9}},{"start":{},"end":{}}],"line":23}},"s":{"0":12,"1":12,"2":12,"3":12,"4":12,"5":12,"6":12,"7":12,"8":12,"9":12,"10":6,"11":6,"12":6,"13":6,"14":6,"15":6,"16":6,"17":1,"18":5,"19":5,"20":5,"21":8,"22":8,"23":8,"24":8,"25":8,"26":8,"27":2},"f":{"0":12,"1":6,"2":6,"3":8},"b":{"0":[1,5]},"_coverageSchema":"1a1c01bbd47fc00a2c39e90264f33305004495a9","hash":"a49bd24ee428e5069f60d803517ed3f6726cb3fa"}
,"/Users/jc/Documents/GreenWeb/NodeTraining/GreenWebUtility/src/aprc/LoanRequest.js": {"path":"/Users/jc/Documents/GreenWeb/NodeTraining/GreenWebUtility/src/aprc/LoanRequest.js","statementMap":{"0":{"start":{"line":3,"column":8},"end":{"line":3,"column":29}},"1":{"start":{"line":4,"column":8},"end":{"line":4,"column":41}},"2":{"start":{"line":5,"column":8},"end":{"line":5,"column":37}},"3":{"start":{"line":6,"column":8},"end":{"line":6,"column":55}},"4":{"start":{"line":7,"column":8},"end":{"line":7,"column":65}},"5":{"start":{"line":8,"column":8},"end":{"line":8,"column":57}},"6":{"start":{"line":9,"column":8},"end":{"line":9,"column":43}},"7":{"start":{"line":10,"column":8},"end":{"line":10,"column":53}},"8":{"start":{"line":11,"column":8},"end":{"line":11,"column":25}},"9":{"start":{"line":12,"column":8},"end":{"line":12,"column":35}},"10":{"start":{"line":13,"column":8},"end":{"line":13,"column":39}},"11":{"start":{"line":16,"column":30},"end":{"line":16,"column":32}},"12":{"start":{"line":17,"column":22},"end":{"line":17,"column":26}},"13":{"start":{"line":18,"column":8},"end":{"line":21,"column":9}},"14":{"start":{"line":19,"column":12},"end":{"line":19,"column":45}},"15":{"start":{"line":20,"column":12},"end":{"line":20,"column":28}},"16":{"start":{"line":22,"column":8},"end":{"line":25,"column":9}},"17":{"start":{"line":23,"column":12},"end":{"line":23,"column":54}},"18":{"start":{"line":24,"column":12},"end":{"line":24,"column":28}},"19":{"start":{"line":26,"column":8},"end":{"line":29,"column":9}},"20":{"start":{"line":27,"column":12},"end":{"line":27,"column":59}},"21":{"start":{"line":28,"column":12},"end":{"line":28,"column":28}},"22":{"start":{"line":30,"column":8},"end":{"line":33,"column":9}},"23":{"start":{"line":31,"column":12},"end":{"line":31,"column":55}},"24":{"start":{"line":32,"column":12},"end":{"line":32,"column":28}},"25":{"start":{"line":34,"column":8},"end":{"line":37,"column":9}},"26":{"start":{"line":35,"column":12},"end":{"line":35,"column":48}},"27":{"start":{"line":36,"column":12},"end":{"line":36,"column":28}},"28":{"start":{"line":38,"column":33},"end":{"line":38,"column":69}},"29":{"start":{"line":39,"column":8},"end":{"line":42,"column":9}},"30":{"start":{"line":40,"column":12},"end":{"line":40,"column":53}},"31":{"start":{"line":41,"column":12},"end":{"line":41,"column":28}},"32":{"start":{"line":43,"column":8},"end":{"line":46,"column":9}},"33":{"start":{"line":44,"column":12},"end":{"line":44,"column":44}},"34":{"start":{"line":45,"column":12},"end":{"line":45,"column":28}},"35":{"start":{"line":47,"column":8},"end":{"line":52,"column":9}},"36":{"start":{"line":48,"column":12},"end":{"line":51,"column":14}},"37":{"start":{"line":53,"column":8},"end":{"line":53,"column":33}},"38":{"start":{"line":56,"column":0},"end":{"line":56,"column":29}}},"fnMap":{"0":{"name":"(anonymous_0)","decl":{"start":{"line":2,"column":4},"end":{"line":2,"column":5}},"loc":{"start":{"line":2,"column":184},"end":{"line":14,"column":5}},"line":2},"1":{"name":"(anonymous_1)","decl":{"start":{"line":15,"column":4},"end":{"line":15,"column":5}},"loc":{"start":{"line":15,"column":21},"end":{"line":54,"column":5}},"line":15}},"branchMap":{"0":{"loc":{"start":{"line":18,"column":8},"end":{"line":21,"column":9}},"type":"if","locations":[{"start":{"line":18,"column":8},"end":{"line":21,"column":9}},{"start":{},"end":{}}],"line":18},"1":{"loc":{"start":{"line":22,"column":8},"end":{"line":25,"column":9}},"type":"if","locations":[{"start":{"line":22,"column":8},"end":{"line":25,"column":9}},{"start":{},"end":{}}],"line":22},"2":{"loc":{"start":{"line":26,"column":8},"end":{"line":29,"column":9}},"type":"if","locations":[{"start":{"line":26,"column":8},"end":{"line":29,"column":9}},{"start":{},"end":{}}],"line":26},"3":{"loc":{"start":{"line":26,"column":12},"end":{"line":26,"column":100}},"type":"binary-expr","locations":[{"start":{"line":26,"column":12},"end":{"line":26,"column":46}},{"start":{"line":26,"column":50},"end":{"line":26,"column":100}}],"line":26},"4":{"loc":{"start":{"line":30,"column":8},"end":{"line":33,"column":9}},"type":"if","locations":[{"start":{"line":30,"column":8},"end":{"line":33,"column":9}},{"start":{},"end":{}}],"line":30},"5":{"loc":{"start":{"line":34,"column":8},"end":{"line":37,"column":9}},"type":"if","locations":[{"start":{"line":34,"column":8},"end":{"line":37,"column":9}},{"start":{},"end":{}}],"line":34},"6":{"loc":{"start":{"line":39,"column":8},"end":{"line":42,"column":9}},"type":"if","locations":[{"start":{"line":39,"column":8},"end":{"line":42,"column":9}},{"start":{},"end":{}}],"line":39},"7":{"loc":{"start":{"line":43,"column":8},"end":{"line":46,"column":9}},"type":"if","locations":[{"start":{"line":43,"column":8},"end":{"line":46,"column":9}},{"start":{},"end":{}}],"line":43},"8":{"loc":{"start":{"line":47,"column":8},"end":{"line":52,"column":9}},"type":"if","locations":[{"start":{"line":47,"column":8},"end":{"line":52,"column":9}},{"start":{},"end":{}}],"line":47}},"s":{"0":17,"1":17,"2":17,"3":17,"4":17,"5":17,"6":17,"7":17,"8":17,"9":17,"10":17,"11":8,"12":8,"13":8,"14":1,"15":1,"16":8,"17":1,"18":1,"19":8,"20":2,"21":2,"22":8,"23":1,"24":1,"25":8,"26":1,"27":1,"28":8,"29":8,"30":1,"31":1,"32":8,"33":1,"34":1,"35":8,"36":7,"37":1,"38":2},"f":{"0":17,"1":8},"b":{"0":[1,7],"1":[1,7],"2":[2,6],"3":[8,7],"4":[1,7],"5":[1,7],"6":[1,7],"7":[1,7],"8":[7,1]},"_coverageSchema":"1a1c01bbd47fc00a2c39e90264f33305004495a9","hash":"321ef059fb1636451cc03356fe9e14600b3e1faa"}
,"/Users/jc/Documents/GreenWeb/NodeTraining/GreenWebUtility/src/aprc/RateChange.js": {"path":"/Users/jc/Documents/GreenWeb/NodeTraining/GreenWebUtility/src/aprc/RateChange.js","statementMap":{"0":{"start":{"line":3,"column":8},"end":{"line":3,"column":37}},"1":{"start":{"line":4,"column":8},"end":{"line":4,"column":41}},"2":{"start":{"line":5,"column":8},"end":{"line":5,"column":31}},"3":{"start":{"line":6,"column":8},"end":{"line":6,"column":43}},"4":{"start":{"line":10,"column":8},"end":{"line":12,"column":9}},"5":{"start":{"line":11,"column":12},"end":{"line":11,"column":73}},"6":{"start":{"line":14,"column":8},"end":{"line":16,"column":9}},"7":{"start":{"line":15,"column":12},"end":{"line":15,"column":66}},"8":{"start":{"line":18,"column":31},"end":{"line":18,"column":54}},"9":{"start":{"line":19,"column":34},"end":{"line":19,"column":53}},"10":{"start":{"line":22,"column":8},"end":{"line":24,"column":9}},"11":{"start":{"line":23,"column":12},"end":{"line":23,"column":21}},"12":{"start":{"line":27,"column":12},"end":{"line":29,"column":65}},"13":{"start":{"line":31,"column":8},"end":{"line":31,"column":46}},"14":{"start":{"line":32,"column":8},"end":{"line":32,"column":32}},"15":{"start":{"line":37,"column":0},"end":{"line":37,"column":28}}},"fnMap":{"0":{"name":"(anonymous_0)","decl":{"start":{"line":2,"column":4},"end":{"line":2,"column":5}},"loc":{"start":{"line":2,"column":66},"end":{"line":7,"column":5}},"line":2},"1":{"name":"(anonymous_1)","decl":{"start":{"line":9,"column":4},"end":{"line":9,"column":5}},"loc":{"start":{"line":9,"column":61},"end":{"line":33,"column":5}},"line":9}},"branchMap":{"0":{"loc":{"start":{"line":10,"column":8},"end":{"line":12,"column":9}},"type":"if","locations":[{"start":{"line":10,"column":8},"end":{"line":12,"column":9}},{"start":{},"end":{}}],"line":10},"1":{"loc":{"start":{"line":14,"column":8},"end":{"line":16,"column":9}},"type":"if","locations":[{"start":{"line":14,"column":8},"end":{"line":16,"column":9}},{"start":{},"end":{}}],"line":14},"2":{"loc":{"start":{"line":14,"column":12},"end":{"line":14,"column":53}},"type":"binary-expr","locations":[{"start":{"line":14,"column":12},"end":{"line":14,"column":33}},{"start":{"line":14,"column":37},"end":{"line":14,"column":53}}],"line":14},"3":{"loc":{"start":{"line":22,"column":8},"end":{"line":24,"column":9}},"type":"if","locations":[{"start":{"line":22,"column":8},"end":{"line":24,"column":9}},{"start":{},"end":{}}],"line":22}},"s":{"0":8,"1":8,"2":8,"3":8,"4":5,"5":1,"6":4,"7":2,"8":2,"9":2,"10":2,"11":0,"12":2,"13":2,"14":2,"15":2},"f":{"0":8,"1":5},"b":{"0":[1,4],"1":[2,2],"2":[4,3],"3":[0,2]},"_coverageSchema":"1a1c01bbd47fc00a2c39e90264f33305004495a9","hash":"9d9d0be82e978d74338e551f422c725a6bef1b50"}
}
