{"/Users/jc/Documents/GreenWeb/NodeTraining/GreenWebUtility/src/myModule.js": {"path":"/Users/jc/Documents/GreenWeb/NodeTraining/GreenWebUtility/src/myModule.js","statementMap":{"0":{"start":{"line":4,"column":2},"end":{"line":4,"column":15}},"1":{"start":{"line":8,"column":2},"end":{"line":8,"column":21}},"2":{"start":{"line":11,"column":0},"end":{"line":11,"column":35}}},"fnMap":{"0":{"name":"add","decl":{"start":{"line":3,"column":9},"end":{"line":3,"column":12}},"loc":{"start":{"line":3,"column":19},"end":{"line":5,"column":1}},"line":3},"1":{"name":"helloNpm","decl":{"start":{"line":7,"column":9},"end":{"line":7,"column":17}},"loc":{"start":{"line":7,"column":20},"end":{"line":9,"column":1}},"line":7}},"branchMap":{},"s":{"0":2,"1":1,"2":1},"f":{"0":2,"1":1},"b":{},"_coverageSchema":"1a1c01bbd47fc00a2c39e90264f33305004495a9","hash":"aff70b710310c7ab1512d2babd23a35b3afa4234"}
}
