TN:
SF:src/APRCService.js
FN:8,(anonymous_0)
FN:63,(anonymous_1)
FN:65,(anonymous_2)
FN:69,(anonymous_3)
FN:93,(anonymous_4)
FN:105,(anonymous_5)
FN:116,(anonymous_6)
FNF:7
FNH:7
FNDA:3,(anonymous_0)
FNDA:1,(anonymous_1)
FNDA:1,(anonymous_2)
FNDA:3,(anonymous_3)
FNDA:2,(anonymous_4)
FNDA:4,(anonymous_5)
FNDA:2,(anonymous_6)
DA:1,1
DA:2,1
DA:3,1
DA:4,1
DA:5,1
DA:6,1
DA:9,3
DA:10,3
DA:11,1
DA:30,2
DA:31,2
DA:43,2
DA:44,2
DA:45,2
DA:46,2
DA:47,1
DA:49,2
DA:50,2
DA:51,2
DA:61,2
DA:64,1
DA:65,1
DA:66,1
DA:70,3
DA:71,3
DA:72,3
DA:73,1
DA:74,1
DA:76,3
DA:77,0
DA:78,0
DA:80,3
DA:81,0
DA:82,0
DA:84,3
DA:85,1
DA:91,2
DA:94,2
DA:95,0
DA:97,2
DA:98,0
DA:103,2
DA:104,2
DA:105,2
DA:106,4
DA:107,4
DA:108,4
DA:111,2
DA:117,2
DA:118,0
DA:120,2
DA:121,0
DA:123,2
DA:124,0
DA:126,2
DA:127,0
DA:129,2
DA:130,0
DA:133,2
DA:135,0
DA:136,0
DA:138,0
DA:139,0
DA:141,2
DA:142,2
DA:144,0
DA:146,2
DA:147,2
DA:148,2
DA:149,0
DA:150,0
DA:152,2
DA:153,2
DA:154,2
DA:155,2
DA:156,2
DA:159,1
LF:77
LH:59
BRDA:10,0,0,1
BRDA:10,0,1,2
BRDA:46,1,0,1
BRDA:46,1,1,1
BRDA:46,2,0,2
BRDA:46,2,1,1
BRDA:72,3,0,1
BRDA:72,3,1,2
BRDA:76,4,0,0
BRDA:76,4,1,3
BRDA:80,5,0,0
BRDA:80,5,1,3
BRDA:84,6,0,1
BRDA:84,6,1,2
BRDA:94,7,0,0
BRDA:94,7,1,2
BRDA:97,8,0,0
BRDA:97,8,1,2
BRDA:106,9,0,4
BRDA:106,9,1,0
BRDA:116,10,0,0
BRDA:117,11,0,0
BRDA:117,11,1,2
BRDA:117,12,0,2
BRDA:117,12,1,2
BRDA:117,12,2,2
BRDA:120,13,0,0
BRDA:120,13,1,2
BRDA:120,14,0,2
BRDA:120,14,1,2
BRDA:120,14,2,2
BRDA:123,15,0,0
BRDA:123,15,1,2
BRDA:123,16,0,2
BRDA:123,16,1,2
BRDA:123,16,2,2
BRDA:126,17,0,0
BRDA:126,17,1,2
BRDA:126,18,0,2
BRDA:126,18,1,2
BRDA:126,18,2,2
BRDA:129,19,0,0
BRDA:129,19,1,2
BRDA:129,20,0,2
BRDA:129,20,1,2
BRDA:129,20,2,2
BRDA:133,21,0,0
BRDA:133,21,1,0
BRDA:133,21,2,2
BRDA:133,21,3,0
BRDA:148,22,0,0
BRDA:148,22,1,2
BRF:52
BRH:37
end_of_record
TN:
SF:src/aprc/APRCResponse.js
FN:2,(anonymous_0)
FN:12,(anonymous_1)
FN:30,(anonymous_2)
FN:34,(anonymous_3)
FN:40,(anonymous_4)
FN:44,(anonymous_5)
FN:51,(anonymous_6)
FNF:7
FNH:5
FNDA:3,(anonymous_0)
FNDA:3,(anonymous_1)
FNDA:2,(anonymous_2)
FNDA:0,(anonymous_3)
FNDA:2,(anonymous_4)
FNDA:1,(anonymous_5)
FNDA:0,(anonymous_6)
DA:3,3
DA:4,3
DA:5,3
DA:6,3
DA:7,3
DA:8,3
DA:9,3
DA:10,3
DA:13,3
DA:14,2
DA:24,1
DA:31,2
DA:32,2
DA:34,0
DA:41,2
DA:42,0
DA:44,2
DA:52,0
DA:53,0
DA:56,1
LF:20
LH:16
BRDA:7,0,0,3
BRDA:7,0,1,1
BRDA:8,1,0,3
BRDA:8,1,1,2
BRDA:13,2,0,2
BRDA:13,2,1,1
BRDA:31,3,0,2
BRDA:31,3,1,0
BRDA:41,4,0,0
BRDA:41,4,1,2
BRDA:51,5,0,0
BRDA:53,6,0,0
BRDA:53,6,1,0
BRF:13
BRH:8
end_of_record
TN:
SF:src/aprc/Error.js
FN:2,(anonymous_0)
FN:7,(anonymous_1)
FNF:2
FNH:2
FNDA:4,(anonymous_0)
FNDA:2,(anonymous_1)
DA:3,4
DA:4,4
DA:5,4
DA:8,2
DA:9,2
DA:10,2
DA:11,1
DA:15,2
LF:8
LH:8
BRDA:10,0,0,1
BRDA:10,0,1,1
BRF:2
BRH:2
end_of_record
TN:
SF:src/aprc/Fee.js
FN:2,(anonymous_0)
FN:8,(anonymous_1)
FNF:2
FNH:2
FNDA:6,(anonymous_0)
FNDA:4,(anonymous_1)
DA:3,6
DA:4,6
DA:5,6
DA:6,6
DA:9,4
DA:12,1
LF:6
LH:6
BRDA:9,0,0,4
BRDA:9,0,1,4
BRDA:9,0,2,0
BRDA:9,0,3,0
BRF:4
BRH:2
end_of_record
TN:
SF:src/aprc/LoanDetails.js
FN:2,(anonymous_0)
FN:14,(anonymous_1)
FN:22,(anonymous_2)
FN:30,(anonymous_3)
FNF:4
FNH:4
FNDA:2,(anonymous_0)
FNDA:2,(anonymous_1)
FNDA:2,(anonymous_2)
FNDA:2,(anonymous_3)
DA:3,2
DA:4,2
DA:5,2
DA:6,2
DA:7,2
DA:8,2
DA:9,2
DA:10,2
DA:11,2
DA:12,2
DA:15,2
DA:16,2
DA:17,2
DA:18,2
DA:19,2
DA:20,2
DA:23,2
DA:24,0
DA:26,2
DA:27,2
DA:28,2
DA:31,2
DA:32,2
DA:33,2
DA:34,2
DA:35,2
DA:36,2
DA:39,1
LF:28
LH:27
BRDA:23,0,0,0
BRDA:23,0,1,2
BRF:2
BRH:1
end_of_record
TN:
SF:src/aprc/LoanRequest.js
FN:2,(anonymous_0)
FN:15,(anonymous_1)
FNF:2
FNH:2
FNDA:12,(anonymous_0)
FNDA:8,(anonymous_1)
DA:3,12
DA:4,12
DA:5,12
DA:6,12
DA:7,12
DA:8,12
DA:9,12
DA:10,12
DA:11,12
DA:12,12
DA:13,12
DA:16,8
DA:17,8
DA:18,8
DA:19,1
DA:20,1
DA:22,8
DA:23,1
DA:24,1
DA:26,8
DA:27,2
DA:28,2
DA:30,8
DA:31,1
DA:32,1
DA:34,8
DA:35,1
DA:36,1
DA:38,8
DA:39,8
DA:40,1
DA:41,1
DA:43,8
DA:44,1
DA:45,1
DA:47,8
DA:48,7
DA:53,1
DA:56,2
LF:39
LH:39
BRDA:18,0,0,1
BRDA:18,0,1,7
BRDA:22,1,0,1
BRDA:22,1,1,7
BRDA:26,2,0,2
BRDA:26,2,1,6
BRDA:26,3,0,8
BRDA:26,3,1,7
BRDA:30,4,0,1
BRDA:30,4,1,7
BRDA:34,5,0,1
BRDA:34,5,1,7
BRDA:39,6,0,1
BRDA:39,6,1,7
BRDA:43,7,0,1
BRDA:43,7,1,7
BRDA:47,8,0,7
BRDA:47,8,1,1
BRF:18
BRH:18
end_of_record
TN:
SF:src/aprc/RateChange.js
FN:2,(anonymous_0)
FN:9,(anonymous_1)
FNF:2
FNH:2
FNDA:6,(anonymous_0)
FNDA:5,(anonymous_1)
DA:3,6
DA:4,6
DA:5,6
DA:6,6
DA:10,5
DA:11,1
DA:14,4
DA:15,2
DA:18,2
DA:19,2
DA:22,2
DA:23,0
DA:27,2
DA:31,2
DA:32,2
DA:37,2
LF:16
LH:15
BRDA:10,0,0,1
BRDA:10,0,1,4
BRDA:14,1,0,2
BRDA:14,1,1,2
BRDA:14,2,0,4
BRDA:14,2,1,3
BRDA:22,3,0,0
BRDA:22,3,1,2
BRF:8
BRH:7
end_of_record
