TN:
SF:src/APRCService.js
FN:8,(anonymous_0)
FN:64,(anonymous_1)
FN:66,(anonymous_2)
FN:70,(anonymous_3)
FN:91,(anonymous_4)
FN:113,(anonymous_5)
FN:125,(anonymous_6)
FN:136,(anonymous_7)
FNF:8
FNH:8
FNDA:9,(anonymous_0)
FNDA:1,(anonymous_1)
FNDA:1,(anonymous_2)
FNDA:9,(anonymous_3)
FNDA:3,(anonymous_4)
FNDA:5,(anonymous_5)
FNDA:4,(anonymous_6)
FNDA:8,(anonymous_7)
DA:1,1
DA:2,1
DA:3,1
DA:4,1
DA:5,1
DA:6,1
DA:9,9
DA:10,9
DA:11,4
DA:30,5
DA:31,5
DA:43,5
DA:44,5
DA:45,5
DA:46,5
DA:47,5
DA:48,1
DA:50,5
DA:51,5
DA:52,5
DA:62,5
DA:65,1
DA:66,1
DA:71,9
DA:72,9
DA:74,9
DA:75,1
DA:76,1
DA:79,9
DA:80,1
DA:81,1
DA:84,9
DA:85,0
DA:86,0
DA:90,9
DA:91,3
DA:92,3
DA:93,1
DA:94,1
DA:95,2
DA:96,1
DA:97,1
DA:102,9
DA:103,4
DA:110,5
DA:114,5
DA:115,0
DA:117,5
DA:118,3
DA:123,2
DA:124,2
DA:125,2
DA:126,4
DA:127,4
DA:128,4
DA:131,2
DA:137,8
DA:138,1
DA:140,7
DA:141,1
DA:143,6
DA:144,1
DA:146,5
DA:147,0
DA:149,5
DA:150,0
DA:153,5
DA:155,0
DA:156,0
DA:158,0
DA:159,0
DA:161,5
DA:162,5
DA:164,0
DA:166,5
DA:167,5
DA:168,5
DA:169,1
DA:170,1
DA:172,4
DA:173,4
DA:174,4
DA:175,4
DA:176,4
DA:179,1
LF:85
LH:75
BRDA:10,0,0,4
BRDA:10,0,1,5
BRDA:47,1,0,1
BRDA:47,1,1,4
BRDA:47,2,0,5
BRDA:47,2,1,1
BRDA:74,3,0,1
BRDA:74,3,1,8
BRDA:79,4,0,1
BRDA:79,4,1,8
BRDA:84,5,0,0
BRDA:84,5,1,9
BRDA:90,6,0,3
BRDA:90,6,1,6
BRDA:90,7,0,9
BRDA:90,7,1,3
BRDA:92,8,0,1
BRDA:92,8,1,2
BRDA:92,9,0,3
BRDA:92,9,1,2
BRDA:95,10,0,1
BRDA:95,10,1,1
BRDA:102,11,0,4
BRDA:102,11,1,5
BRDA:114,12,0,0
BRDA:114,12,1,5
BRDA:117,13,0,3
BRDA:117,13,1,2
BRDA:126,14,0,4
BRDA:126,14,1,0
BRDA:136,15,0,0
BRDA:137,16,0,1
BRDA:137,16,1,7
BRDA:137,17,0,8
BRDA:137,17,1,8
BRDA:137,17,2,8
BRDA:140,18,0,1
BRDA:140,18,1,6
BRDA:140,19,0,7
BRDA:140,19,1,7
BRDA:140,19,2,7
BRDA:143,20,0,1
BRDA:143,20,1,5
BRDA:143,21,0,6
BRDA:143,21,1,6
BRDA:143,21,2,6
BRDA:146,22,0,0
BRDA:146,22,1,5
BRDA:146,23,0,5
BRDA:146,23,1,5
BRDA:146,23,2,5
BRDA:149,24,0,0
BRDA:149,24,1,5
BRDA:149,25,0,5
BRDA:149,25,1,5
BRDA:149,25,2,5
BRDA:153,26,0,0
BRDA:153,26,1,0
BRDA:153,26,2,5
BRDA:153,26,3,0
BRDA:168,27,0,1
BRDA:168,27,1,4
BRF:62
BRH:53
end_of_record
TN:
SF:src/aprc/APRCResponse.js
FN:2,(anonymous_0)
FN:12,(anonymous_1)
FN:30,(anonymous_2)
FN:34,(anonymous_3)
FN:40,(anonymous_4)
FN:44,(anonymous_5)
FN:51,(anonymous_6)
FNF:7
FNH:7
FNDA:18,(anonymous_0)
FNDA:12,(anonymous_1)
FNDA:7,(anonymous_2)
FNDA:3,(anonymous_3)
FNDA:8,(anonymous_4)
FNDA:4,(anonymous_5)
FNDA:1,(anonymous_6)
DA:3,18
DA:4,18
DA:5,18
DA:6,18
DA:7,18
DA:8,18
DA:9,18
DA:10,18
DA:13,12
DA:14,6
DA:24,6
DA:31,7
DA:32,5
DA:34,3
DA:41,8
DA:42,0
DA:44,8
DA:52,1
DA:53,1
DA:56,2
LF:20
LH:19
BRDA:7,0,0,18
BRDA:7,0,1,5
BRDA:8,1,0,18
BRDA:8,1,1,10
BRDA:13,2,0,6
BRDA:13,2,1,6
BRDA:31,3,0,5
BRDA:31,3,1,2
BRDA:41,4,0,0
BRDA:41,4,1,8
BRDA:51,5,0,0
BRDA:53,6,0,1
BRDA:53,6,1,0
BRF:13
BRH:10
end_of_record
TN:
SF:src/aprc/Error.js
FN:2,(anonymous_0)
FN:7,(anonymous_1)
FNF:2
FNH:2
FNDA:10,(anonymous_0)
FNDA:2,(anonymous_1)
DA:3,10
DA:4,10
DA:5,10
DA:8,2
DA:9,2
DA:10,2
DA:11,1
DA:15,2
LF:8
LH:8
BRDA:10,0,0,1
BRDA:10,0,1,1
BRF:2
BRH:2
end_of_record
TN:
SF:src/aprc/Fee.js
FN:2,(anonymous_0)
FN:8,(anonymous_1)
FNF:2
FNH:2
FNDA:15,(anonymous_0)
FNDA:12,(anonymous_1)
DA:3,15
DA:4,15
DA:5,15
DA:6,15
DA:9,12
DA:12,2
LF:6
LH:6
BRDA:9,0,0,12
BRDA:9,0,1,9
BRDA:9,0,2,4
BRDA:9,0,3,3
BRF:4
BRH:4
end_of_record
TN:
SF:src/aprc/LoanDetails.js
FN:2,(anonymous_0)
FN:14,(anonymous_1)
FN:31,(anonymous_2)
FN:39,(anonymous_3)
FNF:4
FNH:4
FNDA:14,(anonymous_0)
FNDA:8,(anonymous_1)
FNDA:7,(anonymous_2)
FNDA:9,(anonymous_3)
DA:3,14
DA:4,14
DA:5,14
DA:6,14
DA:7,14
DA:8,14
DA:9,14
DA:10,14
DA:11,14
DA:12,14
DA:15,8
DA:16,8
DA:17,8
DA:19,8
DA:20,2
DA:21,2
DA:24,6
DA:27,6
DA:28,6
DA:32,7
DA:33,1
DA:35,6
DA:36,6
DA:37,6
DA:40,9
DA:41,9
DA:42,9
DA:43,9
DA:44,9
DA:45,9
DA:48,2
LF:31
LH:31
BRDA:19,0,0,2
BRDA:19,0,1,6
BRDA:32,1,0,1
BRDA:32,1,1,6
BRF:4
BRH:4
end_of_record
TN:
SF:src/aprc/LoanRequest.js
FN:2,(anonymous_0)
FN:15,(anonymous_1)
FNF:2
FNH:2
FNDA:18,(anonymous_0)
FNDA:8,(anonymous_1)
DA:3,18
DA:4,18
DA:5,18
DA:6,18
DA:7,18
DA:8,18
DA:9,18
DA:10,18
DA:11,18
DA:12,18
DA:13,18
DA:16,8
DA:17,8
DA:18,8
DA:19,1
DA:20,1
DA:22,8
DA:23,1
DA:24,1
DA:26,8
DA:27,2
DA:28,2
DA:30,8
DA:31,1
DA:32,1
DA:34,8
DA:35,1
DA:36,1
DA:38,8
DA:39,8
DA:40,1
DA:41,1
DA:43,8
DA:44,1
DA:45,1
DA:47,8
DA:48,7
DA:53,1
DA:56,2
LF:39
LH:39
BRDA:18,0,0,1
BRDA:18,0,1,7
BRDA:22,1,0,1
BRDA:22,1,1,7
BRDA:26,2,0,2
BRDA:26,2,1,6
BRDA:26,3,0,8
BRDA:26,3,1,7
BRDA:30,4,0,1
BRDA:30,4,1,7
BRDA:34,5,0,1
BRDA:34,5,1,7
BRDA:39,6,0,1
BRDA:39,6,1,7
BRDA:43,7,0,1
BRDA:43,7,1,7
BRDA:47,8,0,7
BRDA:47,8,1,1
BRF:18
BRH:18
end_of_record
TN:
SF:src/aprc/RateChange.js
FN:2,(anonymous_0)
FN:9,(anonymous_1)
FNF:2
FNH:2
FNDA:8,(anonymous_0)
FNDA:5,(anonymous_1)
DA:3,8
DA:4,8
DA:5,8
DA:6,8
DA:10,5
DA:11,1
DA:14,4
DA:15,2
DA:18,2
DA:19,2
DA:22,2
DA:23,0
DA:27,2
DA:31,2
DA:32,2
DA:37,2
LF:16
LH:15
BRDA:10,0,0,1
BRDA:10,0,1,4
BRDA:14,1,0,2
BRDA:14,1,1,2
BRDA:14,2,0,4
BRDA:14,2,1,3
BRDA:22,3,0,0
BRDA:22,3,1,2
BRF:8
BRH:7
end_of_record
